build/app/intermediates/manifest_merge_blame_file/release/manifest-merger-blame-release-report.txt
1<?xml version="1.0" encoding="utf-8"?>
2<manifest xmlns:android="http://schemas.android.com/apk/res/android"
3    package="com.example.loginkeycloakapp"
4    android:versionCode="1"
5    android:versionName="1.0.0" >
6
7    <uses-sdk
8        android:minSdkVersion="21"
8-->src\main\AndroidManifest.xml
9        android:targetSdkVersion="34" />
9-->src\main\AndroidManifest.xml
10    <!--
11         Required to query activities that can process text, see:
12         https://developer.android.com/training/package-visibility and
13         https://developer.android.com/reference/android/content/Intent#ACTION_PROCESS_TEXT.
14
15         In particular, this is used by the Flutter engine in io.flutter.plugin.text.ProcessTextPlugin.
16    -->
17    <queries>
17-->src\main\AndroidManifest.xml:76:5-81:15
18        <intent>
18-->src\main\AndroidManifest.xml:77:9-80:18
19            <action android:name="android.intent.action.PROCESS_TEXT" />
19-->src\main\AndroidManifest.xml:78:13-72
19-->src\main\AndroidManifest.xml:78:21-70
20
21            <data android:mimeType="text/plain" />
21-->src\main\AndroidManifest.xml:79:13-50
21-->src\main\AndroidManifest.xml:79:19-48
22        </intent>
23        <intent>
23-->[net.openid:appauth:0.11.1] AndroidManifest.xml:25:9-31:18
24            <action android:name="android.intent.action.VIEW" />
24-->src\main\AndroidManifest.xml:34:17-68
24-->src\main\AndroidManifest.xml:34:25-66
25
26            <category android:name="android.intent.category.BROWSABLE" />
26-->src\main\AndroidManifest.xml:36:17-77
26-->src\main\AndroidManifest.xml:36:27-75
27
28            <data android:scheme="https" />
28-->src\main\AndroidManifest.xml:79:13-50
28-->src\main\AndroidManifest.xml:37:23-68
29        </intent>
30    </queries>
31
32    <uses-permission android:name="android.permission.INTERNET" />
32-->[:firebase_messaging] AndroidManifest.xml:9:5-67
32-->[:firebase_messaging] AndroidManifest.xml:9:22-64
33    <uses-permission android:name="android.permission.WAKE_LOCK" />
33-->[:firebase_messaging] AndroidManifest.xml:10:5-68
33-->[:firebase_messaging] AndroidManifest.xml:10:22-65
34    <uses-permission android:name="android.permission.ACCESS_NETWORK_STATE" /> <!-- Permissions options for the `notification` group -->
34-->[:firebase_messaging] AndroidManifest.xml:11:5-79
34-->[:firebase_messaging] AndroidManifest.xml:11:22-76
35    <uses-permission android:name="android.permission.POST_NOTIFICATIONS" />
35-->[:firebase_messaging] AndroidManifest.xml:13:5-77
35-->[:firebase_messaging] AndroidManifest.xml:13:22-74
36    <uses-permission android:name="android.permission.RECEIVE_BOOT_COMPLETED" />
36-->[:flutter_local_notifications] AndroidManifest.xml:9:5-81
36-->[:flutter_local_notifications] AndroidManifest.xml:9:22-78
37    <uses-permission android:name="android.permission.VIBRATE" />
37-->[:flutter_local_notifications] AndroidManifest.xml:10:5-66
37-->[:flutter_local_notifications] AndroidManifest.xml:10:22-63
38    <uses-permission android:name="android.permission.USE_FULL_SCREEN_INTENT" />
38-->[:flutter_local_notifications] AndroidManifest.xml:11:5-81
38-->[:flutter_local_notifications] AndroidManifest.xml:11:22-78
39    <uses-permission android:name="android.permission.SCHEDULE_EXACT_ALARM" /> <!-- Required by older versions of Google Play services to create IID tokens -->
39-->[:flutter_local_notifications] AndroidManifest.xml:12:5-79
39-->[:flutter_local_notifications] AndroidManifest.xml:12:22-76
40    <uses-permission android:name="com.google.android.c2dm.permission.RECEIVE" />
40-->[com.google.firebase:firebase-messaging:24.0.1] AndroidManifest.xml:26:5-82
40-->[com.google.firebase:firebase-messaging:24.0.1] AndroidManifest.xml:26:22-79
41    <uses-permission android:name="com.google.android.gms.permission.AD_ID" />
41-->[com.google.android.gms:play-services-measurement-api:22.1.0] AndroidManifest.xml:25:5-79
41-->[com.google.android.gms:play-services-measurement-api:22.1.0] AndroidManifest.xml:25:22-76
42    <uses-permission android:name="android.permission.ACCESS_ADSERVICES_ATTRIBUTION" />
42-->[com.google.android.gms:play-services-measurement-api:22.1.0] AndroidManifest.xml:26:5-88
42-->[com.google.android.gms:play-services-measurement-api:22.1.0] AndroidManifest.xml:26:22-85
43    <uses-permission android:name="android.permission.ACCESS_ADSERVICES_AD_ID" />
43-->[com.google.android.gms:play-services-measurement-api:22.1.0] AndroidManifest.xml:27:5-82
43-->[com.google.android.gms:play-services-measurement-api:22.1.0] AndroidManifest.xml:27:22-79
44    <uses-permission android:name="com.google.android.finsky.permission.BIND_GET_INSTALL_REFERRER_SERVICE" />
44-->[com.google.android.gms:play-services-measurement:22.1.0] AndroidManifest.xml:26:5-110
44-->[com.google.android.gms:play-services-measurement:22.1.0] AndroidManifest.xml:26:22-107
45
46    <permission
46-->[androidx.core:core:1.9.0] AndroidManifest.xml:22:5-24:47
47        android:name="com.example.loginkeycloakapp.DYNAMIC_RECEIVER_NOT_EXPORTED_PERMISSION"
47-->[androidx.core:core:1.9.0] AndroidManifest.xml:23:9-81
48        android:protectionLevel="signature" />
48-->[androidx.core:core:1.9.0] AndroidManifest.xml:24:9-44
49
50    <uses-permission android:name="com.example.loginkeycloakapp.DYNAMIC_RECEIVER_NOT_EXPORTED_PERMISSION" />
50-->[androidx.core:core:1.9.0] AndroidManifest.xml:26:5-97
50-->[androidx.core:core:1.9.0] AndroidManifest.xml:26:22-94
51
52    <application
53        android:name="android.app.Application"
53-->src\main\AndroidManifest.xml:4:9-42
54        android:appComponentFactory="androidx.core.app.CoreComponentFactory"
54-->[androidx.core:core:1.9.0] AndroidManifest.xml:28:18-86
55        android:icon="@mipmap/ic_launcher"
55-->src\main\AndroidManifest.xml:5:9-43
56        android:label="loginkeycloakapp" >
56-->src\main\AndroidManifest.xml:3:9-41
57        <activity
57-->src\main\AndroidManifest.xml:6:9-26:20
58            android:name="com.example.loginkeycloakapp.MainActivity"
58-->src\main\AndroidManifest.xml:7:13-41
59            android:configChanges="orientation|keyboardHidden|keyboard|screenSize|smallestScreenSize|locale|layoutDirection|fontScale|screenLayout|density|uiMode"
59-->src\main\AndroidManifest.xml:11:13-163
60            android:exported="true"
60-->src\main\AndroidManifest.xml:8:13-36
61            android:hardwareAccelerated="true"
61-->src\main\AndroidManifest.xml:12:13-47
62            android:launchMode="singleTop"
62-->src\main\AndroidManifest.xml:9:13-43
63            android:theme="@style/LaunchTheme"
63-->src\main\AndroidManifest.xml:10:13-47
64            android:windowSoftInputMode="adjustResize" >
64-->src\main\AndroidManifest.xml:13:13-55
65
66            <!--
67                 Specifies an Android theme to apply to this Activity as soon as
68                 the Android process has started. This theme is visible to the user
69                 while the Flutter UI initializes. After that, this theme continues
70                 to determine the Window background behind the Flutter UI.
71            -->
72            <meta-data
72-->src\main\AndroidManifest.xml:18:13-21:17
73                android:name="io.flutter.embedding.android.NormalTheme"
73-->src\main\AndroidManifest.xml:19:15-70
74                android:resource="@style/NormalTheme" />
74-->src\main\AndroidManifest.xml:20:15-52
75
76            <intent-filter>
76-->src\main\AndroidManifest.xml:22:13-25:29
77                <action android:name="android.intent.action.MAIN" />
77-->src\main\AndroidManifest.xml:23:17-68
77-->src\main\AndroidManifest.xml:23:25-66
78
79                <category android:name="android.intent.category.LAUNCHER" />
79-->src\main\AndroidManifest.xml:24:17-76
79-->src\main\AndroidManifest.xml:24:27-74
80            </intent-filter>
81        </activity>
82        <activity
82-->src\main\AndroidManifest.xml:28:9-40:20
83            android:name="net.openid.appauth.RedirectUriReceiverActivity"
83-->src\main\AndroidManifest.xml:29:17-78
84            android:exported="true"
84-->src\main\AndroidManifest.xml:31:17-40
85            android:theme="@style/Theme.AppCompat.Translucent.NoTitleBar" >
85-->src\main\AndroidManifest.xml:30:17-78
86            <intent-filter>
86-->src\main\AndroidManifest.xml:33:13-39:29
87                <action android:name="android.intent.action.VIEW" />
87-->src\main\AndroidManifest.xml:34:17-68
87-->src\main\AndroidManifest.xml:34:25-66
88
89                <category android:name="android.intent.category.DEFAULT" />
89-->src\main\AndroidManifest.xml:35:17-75
89-->src\main\AndroidManifest.xml:35:27-73
90                <category android:name="android.intent.category.BROWSABLE" />
90-->src\main\AndroidManifest.xml:36:17-77
90-->src\main\AndroidManifest.xml:36:27-75
91
92                <data
92-->src\main\AndroidManifest.xml:79:13-50
93                    android:host="login-callback"
93-->src\main\AndroidManifest.xml:38:21-50
94                    android:scheme="com.example.loginkeycloakapp" />
94-->src\main\AndroidManifest.xml:37:23-68
95            </intent-filter>
96        </activity>
97
98        <!--
99        <activity
100                android:name="net.openid.appauth.RedirectUriReceiverActivity"
101                android:theme="@style/Theme.AppCompat.Translucent.NoTitleBar"
102                android:exported="true"
103                tools:node="replace">
104            <intent-filter>
105                <action android:name="android.intent.action.VIEW"/>
106                <category android:name="android.intent.category.DEFAULT"/>
107                <category android:name="android.intent.category.BROWSABLE"/>
108                <data android:scheme="com.example.loginkeycloakapp"
109                    android:host="login-callback"/>
110            </intent-filter>
111        </activity>
112        -->
113
114
115        <!--
116             Don't delete the meta-data below.
117             This is used by the Flutter tool to generate GeneratedPluginRegistrant.java
118        -->
119        <meta-data
119-->src\main\AndroidManifest.xml:58:9-60:33
120            android:name="flutterEmbedding"
120-->src\main\AndroidManifest.xml:59:13-44
121            android:value="2" />
121-->src\main\AndroidManifest.xml:60:13-30
122
123        <!--
124    <receiver
125        android:name="com.google.firebase.MessagingReceiver"
126        android:exported="true"
127        android:permission="android.permission.BROADCAST_STICKY">
128        <intent-filter>
129            <action android:name="com.google.firebase.MESSAGING_EVENT"/>
130        </intent-filter>
131    </receiver>
132        -->
133        <service
133-->[:firebase_messaging] AndroidManifest.xml:16:9-19:72
134            android:name="io.flutter.plugins.firebase.messaging.FlutterFirebaseMessagingBackgroundService"
134-->[:firebase_messaging] AndroidManifest.xml:17:13-107
135            android:exported="false"
135-->[:firebase_messaging] AndroidManifest.xml:18:13-37
136            android:permission="android.permission.BIND_JOB_SERVICE" />
136-->[:firebase_messaging] AndroidManifest.xml:19:13-69
137        <service
137-->[:firebase_messaging] AndroidManifest.xml:20:9-26:19
138            android:name="io.flutter.plugins.firebase.messaging.FlutterFirebaseMessagingService"
138-->[:firebase_messaging] AndroidManifest.xml:21:13-97
139            android:exported="false" >
139-->[:firebase_messaging] AndroidManifest.xml:22:13-37
140            <intent-filter>
140-->[:firebase_messaging] AndroidManifest.xml:23:13-25:29
141                <action android:name="com.google.firebase.MESSAGING_EVENT" />
141-->[:firebase_messaging] AndroidManifest.xml:24:17-78
141-->[:firebase_messaging] AndroidManifest.xml:24:25-75
142            </intent-filter>
143        </service>
144
145        <receiver
145-->[:firebase_messaging] AndroidManifest.xml:28:9-35:20
146            android:name="io.flutter.plugins.firebase.messaging.FlutterFirebaseMessagingReceiver"
146-->[:firebase_messaging] AndroidManifest.xml:29:13-98
147            android:exported="true"
147-->[:firebase_messaging] AndroidManifest.xml:30:13-36
148            android:permission="com.google.android.c2dm.permission.SEND" >
148-->[:firebase_messaging] AndroidManifest.xml:31:13-73
149            <intent-filter>
149-->[:firebase_messaging] AndroidManifest.xml:32:13-34:29
150                <action android:name="com.google.android.c2dm.intent.RECEIVE" />
150-->[:firebase_messaging] AndroidManifest.xml:33:17-81
150-->[:firebase_messaging] AndroidManifest.xml:33:25-78
151            </intent-filter>
152        </receiver>
153
154        <service
154-->[:firebase_messaging] AndroidManifest.xml:37:9-41:19
155            android:name="com.google.firebase.components.ComponentDiscoveryService"
155-->[:firebase_messaging] AndroidManifest.xml:37:18-89
156            android:directBootAware="true"
156-->[com.google.firebase:firebase-common:21.0.0] AndroidManifest.xml:32:13-43
157            android:exported="false" >
157-->[com.google.firebase:firebase-messaging:24.0.1] AndroidManifest.xml:56:13-37
158            <meta-data
158-->[:firebase_messaging] AndroidManifest.xml:38:13-40:85
159                android:name="com.google.firebase.components:io.flutter.plugins.firebase.messaging.FlutterFirebaseAppRegistrar"
159-->[:firebase_messaging] AndroidManifest.xml:39:17-128
160                android:value="com.google.firebase.components.ComponentRegistrar" />
160-->[:firebase_messaging] AndroidManifest.xml:40:17-82
161            <meta-data
161-->[:firebase_core] AndroidManifest.xml:11:13-13:85
162                android:name="com.google.firebase.components:io.flutter.plugins.firebase.core.FlutterFirebaseCoreRegistrar"
162-->[:firebase_core] AndroidManifest.xml:12:17-124
163                android:value="com.google.firebase.components.ComponentRegistrar" />
163-->[:firebase_core] AndroidManifest.xml:13:17-82
164            <meta-data
164-->[com.google.firebase:firebase-messaging:24.0.1] AndroidManifest.xml:57:13-59:85
165                android:name="com.google.firebase.components:com.google.firebase.messaging.FirebaseMessagingKtxRegistrar"
165-->[com.google.firebase:firebase-messaging:24.0.1] AndroidManifest.xml:58:17-122
166                android:value="com.google.firebase.components.ComponentRegistrar" />
166-->[com.google.firebase:firebase-messaging:24.0.1] AndroidManifest.xml:59:17-82
167            <meta-data
167-->[com.google.firebase:firebase-messaging:24.0.1] AndroidManifest.xml:60:13-62:85
168                android:name="com.google.firebase.components:com.google.firebase.messaging.FirebaseMessagingRegistrar"
168-->[com.google.firebase:firebase-messaging:24.0.1] AndroidManifest.xml:61:17-119
169                android:value="com.google.firebase.components.ComponentRegistrar" />
169-->[com.google.firebase:firebase-messaging:24.0.1] AndroidManifest.xml:62:17-82
170            <meta-data
170-->[com.google.android.gms:play-services-measurement-api:22.1.0] AndroidManifest.xml:37:13-39:85
171                android:name="com.google.firebase.components:com.google.firebase.analytics.connector.internal.AnalyticsConnectorRegistrar"
171-->[com.google.android.gms:play-services-measurement-api:22.1.0] AndroidManifest.xml:38:17-139
172                android:value="com.google.firebase.components.ComponentRegistrar" />
172-->[com.google.android.gms:play-services-measurement-api:22.1.0] AndroidManifest.xml:39:17-82
173            <meta-data
173-->[com.google.firebase:firebase-installations:18.0.0] AndroidManifest.xml:15:13-17:85
174                android:name="com.google.firebase.components:com.google.firebase.installations.FirebaseInstallationsKtxRegistrar"
174-->[com.google.firebase:firebase-installations:18.0.0] AndroidManifest.xml:16:17-130
175                android:value="com.google.firebase.components.ComponentRegistrar" />
175-->[com.google.firebase:firebase-installations:18.0.0] AndroidManifest.xml:17:17-82
176            <meta-data
176-->[com.google.firebase:firebase-installations:18.0.0] AndroidManifest.xml:18:13-20:85
177                android:name="com.google.firebase.components:com.google.firebase.installations.FirebaseInstallationsRegistrar"
177-->[com.google.firebase:firebase-installations:18.0.0] AndroidManifest.xml:19:17-127
178                android:value="com.google.firebase.components.ComponentRegistrar" />
178-->[com.google.firebase:firebase-installations:18.0.0] AndroidManifest.xml:20:17-82
179            <meta-data
179-->[com.google.firebase:firebase-common-ktx:21.0.0] AndroidManifest.xml:12:13-14:85
180                android:name="com.google.firebase.components:com.google.firebase.ktx.FirebaseCommonLegacyRegistrar"
180-->[com.google.firebase:firebase-common-ktx:21.0.0] AndroidManifest.xml:13:17-116
181                android:value="com.google.firebase.components.ComponentRegistrar" />
181-->[com.google.firebase:firebase-common-ktx:21.0.0] AndroidManifest.xml:14:17-82
182            <meta-data
182-->[com.google.firebase:firebase-common:21.0.0] AndroidManifest.xml:35:13-37:85
183                android:name="com.google.firebase.components:com.google.firebase.FirebaseCommonKtxRegistrar"
183-->[com.google.firebase:firebase-common:21.0.0] AndroidManifest.xml:36:17-109
184                android:value="com.google.firebase.components.ComponentRegistrar" />
184-->[com.google.firebase:firebase-common:21.0.0] AndroidManifest.xml:37:17-82
185            <meta-data
185-->[com.google.firebase:firebase-datatransport:18.2.0] AndroidManifest.xml:25:13-27:85
186                android:name="com.google.firebase.components:com.google.firebase.datatransport.TransportRegistrar"
186-->[com.google.firebase:firebase-datatransport:18.2.0] AndroidManifest.xml:26:17-115
187                android:value="com.google.firebase.components.ComponentRegistrar" />
187-->[com.google.firebase:firebase-datatransport:18.2.0] AndroidManifest.xml:27:17-82
188        </service>
189
190        <provider
190-->[:firebase_messaging] AndroidManifest.xml:43:9-47:38
191            android:name="io.flutter.plugins.firebase.messaging.FlutterFirebaseMessagingInitProvider"
191-->[:firebase_messaging] AndroidManifest.xml:44:13-102
192            android:authorities="com.example.loginkeycloakapp.flutterfirebasemessaginginitprovider"
192-->[:firebase_messaging] AndroidManifest.xml:45:13-88
193            android:exported="false"
193-->[:firebase_messaging] AndroidManifest.xml:46:13-37
194            android:initOrder="99" />
194-->[:firebase_messaging] AndroidManifest.xml:47:13-35
195
196        <receiver
196-->[:flutter_local_notifications] AndroidManifest.xml:16:9-18:40
197            android:name="com.dexterous.flutterlocalnotifications.ActionBroadcastReceiver"
197-->[:flutter_local_notifications] AndroidManifest.xml:17:13-91
198            android:exported="false" />
198-->[:flutter_local_notifications] AndroidManifest.xml:18:13-37
199        <receiver
199-->[:flutter_local_notifications] AndroidManifest.xml:19:9-21:40
200            android:name="com.dexterous.flutterlocalnotifications.ScheduledNotificationReceiver"
200-->[:flutter_local_notifications] AndroidManifest.xml:20:13-97
201            android:exported="false" />
201-->[:flutter_local_notifications] AndroidManifest.xml:21:13-37
202        <receiver
202-->[:flutter_local_notifications] AndroidManifest.xml:22:9-31:20
203            android:name="com.dexterous.flutterlocalnotifications.ScheduledNotificationBootReceiver"
203-->[:flutter_local_notifications] AndroidManifest.xml:23:13-101
204            android:exported="false" >
204-->[:flutter_local_notifications] AndroidManifest.xml:24:13-37
205            <intent-filter>
205-->[:flutter_local_notifications] AndroidManifest.xml:25:13-30:29
206                <action android:name="android.intent.action.BOOT_COMPLETED" />
206-->[:flutter_local_notifications] AndroidManifest.xml:26:17-79
206-->[:flutter_local_notifications] AndroidManifest.xml:26:25-76
207                <action android:name="android.intent.action.MY_PACKAGE_REPLACED" />
207-->[:flutter_local_notifications] AndroidManifest.xml:27:17-84
207-->[:flutter_local_notifications] AndroidManifest.xml:27:25-81
208                <action android:name="android.intent.action.QUICKBOOT_POWERON" />
208-->[:flutter_local_notifications] AndroidManifest.xml:28:17-82
208-->[:flutter_local_notifications] AndroidManifest.xml:28:25-79
209                <action android:name="com.htc.intent.action.QUICKBOOT_POWERON" />
209-->[:flutter_local_notifications] AndroidManifest.xml:29:17-82
209-->[:flutter_local_notifications] AndroidManifest.xml:29:25-79
210            </intent-filter>
211        </receiver>
212        <receiver
212-->[com.google.firebase:firebase-messaging:24.0.1] AndroidManifest.xml:29:9-40:20
213            android:name="com.google.firebase.iid.FirebaseInstanceIdReceiver"
213-->[com.google.firebase:firebase-messaging:24.0.1] AndroidManifest.xml:30:13-78
214            android:exported="true"
214-->[com.google.firebase:firebase-messaging:24.0.1] AndroidManifest.xml:31:13-36
215            android:permission="com.google.android.c2dm.permission.SEND" >
215-->[com.google.firebase:firebase-messaging:24.0.1] AndroidManifest.xml:32:13-73
216            <intent-filter>
216-->[:firebase_messaging] AndroidManifest.xml:32:13-34:29
217                <action android:name="com.google.android.c2dm.intent.RECEIVE" />
217-->[:firebase_messaging] AndroidManifest.xml:33:17-81
217-->[:firebase_messaging] AndroidManifest.xml:33:25-78
218            </intent-filter>
219
220            <meta-data
220-->[com.google.firebase:firebase-messaging:24.0.1] AndroidManifest.xml:37:13-39:40
221                android:name="com.google.android.gms.cloudmessaging.FINISHED_AFTER_HANDLED"
221-->[com.google.firebase:firebase-messaging:24.0.1] AndroidManifest.xml:38:17-92
222                android:value="true" />
222-->[com.google.firebase:firebase-messaging:24.0.1] AndroidManifest.xml:39:17-37
223        </receiver>
224        <!--
225             FirebaseMessagingService performs security checks at runtime,
226             but set to not exported to explicitly avoid allowing another app to call it.
227        -->
228        <service
228-->[com.google.firebase:firebase-messaging:24.0.1] AndroidManifest.xml:46:9-53:19
229            android:name="com.google.firebase.messaging.FirebaseMessagingService"
229-->[com.google.firebase:firebase-messaging:24.0.1] AndroidManifest.xml:47:13-82
230            android:directBootAware="true"
230-->[com.google.firebase:firebase-messaging:24.0.1] AndroidManifest.xml:48:13-43
231            android:exported="false" >
231-->[com.google.firebase:firebase-messaging:24.0.1] AndroidManifest.xml:49:13-37
232            <intent-filter android:priority="-500" >
232-->[:firebase_messaging] AndroidManifest.xml:23:13-25:29
233                <action android:name="com.google.firebase.MESSAGING_EVENT" />
233-->[:firebase_messaging] AndroidManifest.xml:24:17-78
233-->[:firebase_messaging] AndroidManifest.xml:24:25-75
234            </intent-filter>
235        </service>
236
237        <property
237-->[com.google.android.gms:play-services-measurement-api:22.1.0] AndroidManifest.xml:30:9-32:61
238            android:name="android.adservices.AD_SERVICES_CONFIG"
238-->[com.google.android.gms:play-services-measurement-api:22.1.0] AndroidManifest.xml:31:13-65
239            android:resource="@xml/ga_ad_services_config" />
239-->[com.google.android.gms:play-services-measurement-api:22.1.0] AndroidManifest.xml:32:13-58
240
241        <provider
241-->[com.google.firebase:firebase-common:21.0.0] AndroidManifest.xml:23:9-28:39
242            android:name="com.google.firebase.provider.FirebaseInitProvider"
242-->[com.google.firebase:firebase-common:21.0.0] AndroidManifest.xml:24:13-77
243            android:authorities="com.example.loginkeycloakapp.firebaseinitprovider"
243-->[com.google.firebase:firebase-common:21.0.0] AndroidManifest.xml:25:13-72
244            android:directBootAware="true"
244-->[com.google.firebase:firebase-common:21.0.0] AndroidManifest.xml:26:13-43
245            android:exported="false"
245-->[com.google.firebase:firebase-common:21.0.0] AndroidManifest.xml:27:13-37
246            android:initOrder="100" />
246-->[com.google.firebase:firebase-common:21.0.0] AndroidManifest.xml:28:13-36
247
248        <receiver
248-->[com.google.android.gms:play-services-measurement:22.1.0] AndroidManifest.xml:29:9-33:20
249            android:name="com.google.android.gms.measurement.AppMeasurementReceiver"
249-->[com.google.android.gms:play-services-measurement:22.1.0] AndroidManifest.xml:30:13-85
250            android:enabled="true"
250-->[com.google.android.gms:play-services-measurement:22.1.0] AndroidManifest.xml:31:13-35
251            android:exported="false" >
251-->[com.google.android.gms:play-services-measurement:22.1.0] AndroidManifest.xml:32:13-37
252        </receiver>
253
254        <service
254-->[com.google.android.gms:play-services-measurement:22.1.0] AndroidManifest.xml:35:9-38:40
255            android:name="com.google.android.gms.measurement.AppMeasurementService"
255-->[com.google.android.gms:play-services-measurement:22.1.0] AndroidManifest.xml:36:13-84
256            android:enabled="true"
256-->[com.google.android.gms:play-services-measurement:22.1.0] AndroidManifest.xml:37:13-35
257            android:exported="false" />
257-->[com.google.android.gms:play-services-measurement:22.1.0] AndroidManifest.xml:38:13-37
258        <service
258-->[com.google.android.gms:play-services-measurement:22.1.0] AndroidManifest.xml:39:9-43:72
259            android:name="com.google.android.gms.measurement.AppMeasurementJobService"
259-->[com.google.android.gms:play-services-measurement:22.1.0] AndroidManifest.xml:40:13-87
260            android:enabled="true"
260-->[com.google.android.gms:play-services-measurement:22.1.0] AndroidManifest.xml:41:13-35
261            android:exported="false"
261-->[com.google.android.gms:play-services-measurement:22.1.0] AndroidManifest.xml:42:13-37
262            android:permission="android.permission.BIND_JOB_SERVICE" />
262-->[com.google.android.gms:play-services-measurement:22.1.0] AndroidManifest.xml:43:13-69
263
264        <uses-library
264-->[androidx.privacysandbox.ads:ads-adservices:1.0.0-beta05] AndroidManifest.xml:23:9-25:40
265            android:name="android.ext.adservices"
265-->[androidx.privacysandbox.ads:ads-adservices:1.0.0-beta05] AndroidManifest.xml:24:13-50
266            android:required="false" />
266-->[androidx.privacysandbox.ads:ads-adservices:1.0.0-beta05] AndroidManifest.xml:25:13-37
267        <uses-library
267-->[androidx.window:window:1.0.0-beta04] AndroidManifest.xml:25:9-27:40
268            android:name="androidx.window.extensions"
268-->[androidx.window:window:1.0.0-beta04] AndroidManifest.xml:26:13-54
269            android:required="false" />
269-->[androidx.window:window:1.0.0-beta04] AndroidManifest.xml:27:13-37
270        <uses-library
270-->[androidx.window:window:1.0.0-beta04] AndroidManifest.xml:28:9-30:40
271            android:name="androidx.window.sidecar"
271-->[androidx.window:window:1.0.0-beta04] AndroidManifest.xml:29:13-51
272            android:required="false" />
272-->[androidx.window:window:1.0.0-beta04] AndroidManifest.xml:30:13-37
273
274        <activity
274-->[net.openid:appauth:0.11.1] AndroidManifest.xml:35:9-40:77
275            android:name="net.openid.appauth.AuthorizationManagementActivity"
275-->[net.openid:appauth:0.11.1] AndroidManifest.xml:36:13-78
276            android:configChanges="screenSize|smallestScreenSize|screenLayout|orientation|keyboard|keyboardHidden"
276-->[net.openid:appauth:0.11.1] AndroidManifest.xml:37:13-115
277            android:exported="false"
277-->[net.openid:appauth:0.11.1] AndroidManifest.xml:38:13-37
278            android:launchMode="singleTask"
278-->[net.openid:appauth:0.11.1] AndroidManifest.xml:39:13-44
279            android:theme="@style/Theme.AppCompat.Translucent.NoTitleBar" />
279-->[net.openid:appauth:0.11.1] AndroidManifest.xml:40:13-74
280
281        <service
281-->[com.google.android.datatransport:transport-backend-cct:3.1.9] AndroidManifest.xml:28:9-34:19
282            android:name="com.google.android.datatransport.runtime.backends.TransportBackendDiscovery"
282-->[com.google.android.datatransport:transport-backend-cct:3.1.9] AndroidManifest.xml:29:13-103
283            android:exported="false" >
283-->[com.google.android.datatransport:transport-backend-cct:3.1.9] AndroidManifest.xml:30:13-37
284            <meta-data
284-->[com.google.android.datatransport:transport-backend-cct:3.1.9] AndroidManifest.xml:31:13-33:39
285                android:name="backend:com.google.android.datatransport.cct.CctBackendFactory"
285-->[com.google.android.datatransport:transport-backend-cct:3.1.9] AndroidManifest.xml:32:17-94
286                android:value="cct" />
286-->[com.google.android.datatransport:transport-backend-cct:3.1.9] AndroidManifest.xml:33:17-36
287        </service>
288        <service
288-->[com.google.android.datatransport:transport-runtime:3.1.9] AndroidManifest.xml:26:9-30:19
289            android:name="com.google.android.datatransport.runtime.scheduling.jobscheduling.JobInfoSchedulerService"
289-->[com.google.android.datatransport:transport-runtime:3.1.9] AndroidManifest.xml:27:13-117
290            android:exported="false"
290-->[com.google.android.datatransport:transport-runtime:3.1.9] AndroidManifest.xml:28:13-37
291            android:permission="android.permission.BIND_JOB_SERVICE" >
291-->[com.google.android.datatransport:transport-runtime:3.1.9] AndroidManifest.xml:29:13-69
292        </service>
293
294        <receiver
294-->[com.google.android.datatransport:transport-runtime:3.1.9] AndroidManifest.xml:32:9-34:40
295            android:name="com.google.android.datatransport.runtime.scheduling.jobscheduling.AlarmManagerSchedulerBroadcastReceiver"